<?xml version="1.0" encoding="UTF-8"?>
<!-- Generated by org.testng.reporters.JUnitReportReporter -->
<testsuite hostname="DESKTOP-M9M5V5Q" failures="0" tests="1" name="selenium_TNG.Prog5" time="0.009" errors="0" timestamp="2024-06-21T17:47:09 IST" skipped="0">
  <testcase classname="selenium_TNG.Prog5" name="logout_Amazon" time="0.009"/>
  <system-out/>
</testsuite> <!-- selenium_TNG.Prog5 -->
