<?xml version="1.0" encoding="UTF-8"?>
<!-- Generated by org.testng.reporters.JUnitReportReporter -->
<testsuite hostname="DESKTOP-M9M5V5Q" failures="0" tests="2" name="selenium_Amazon.Google_Parallel" time="27.654" errors="0" timestamp="2024-06-23T22:30:34 IST" skipped="0">
  <testcase classname="selenium_Amazon.Google_Parallel" name="testcase1" time="12.800"/>
  <system-out/>
  <testcase classname="selenium_Amazon.Google_Parallel" name="testcase1" time="14.854"/>
  <system-out/>
</testsuite> <!-- selenium_Amazon.Google_Parallel -->
