<?xml version="1.0" encoding="UTF-8"?>
<!-- Generated by org.testng.reporters.JUnitReportReporter -->
<testsuite hostname="DESKTOP-M9M5V5Q" failures="0" tests="12" name="selenium_TNG.Annotation_03" time="0.073" errors="0" timestamp="2024-06-22T20:21:43 IST" skipped="0">
  <testcase classname="selenium_TNG.Annotation_03" name="register" time="0.019"/>
  <system-out/>
  <testcase classname="selenium_TNG.Annotation_03" name="login" time="0.003"/>
  <system-out/>
  <testcase classname="selenium_TNG.Annotation_03" name="login" time="0.020"/>
  <system-out/>
  <testcase classname="selenium_TNG.Annotation_03" name="login" time="0.001"/>
  <system-out/>
  <testcase classname="selenium_TNG.Annotation_03" name="login" time="0.002"/>
  <system-out/>
  <testcase classname="selenium_TNG.Annotation_03" name="login" time="0.002"/>
  <system-out/>
  <testcase classname="selenium_TNG.Annotation_03" name="login" time="0.001"/>
  <system-out/>
  <testcase classname="selenium_TNG.Annotation_03" name="login" time="0.006"/>
  <system-out/>
  <testcase classname="selenium_TNG.Annotation_03" name="login" time="0.002"/>
  <system-out/>
  <testcase classname="selenium_TNG.Annotation_03" name="login" time="0.011"/>
  <system-out/>
  <testcase classname="selenium_TNG.Annotation_03" name="login" time="0.003"/>
  <system-out/>
  <testcase classname="selenium_TNG.Annotation_03" name="logout" time="0.003"/>
  <system-out/>
</testsuite> <!-- selenium_TNG.Annotation_03 -->
