<?xml version="1.0" encoding="UTF-8"?>
<!-- Generated by org.testng.reporters.JUnitReportReporter -->
<testsuite hostname="DESKTOP-M9M5V5Q" failures="0" tests="1" name="selenium_Amazon.TestCase2" time="45.794" errors="0" timestamp="2024-06-23T11:34:20 IST" skipped="0">
  <testcase classname="selenium_Amazon.TestCase2" name="Addcart" time="45.794"/>
  <system-out/>
</testsuite> <!-- selenium_Amazon.TestCase2 -->
