<?xml version="1.0" encoding="UTF-8"?>
<!-- Generated by org.testng.reporters.JUnitReportReporter -->
<testsuite hostname="DESKTOP-M9M5V5Q" failures="0" tests="1" name="seleniumprog.TestCase1" time="40.482" errors="0" timestamp="2024-06-22T21:24:59 IST" skipped="0">
  <testcase classname="seleniumprog.TestCase1" name="login_Amazon" time="40.482"/>
  <system-out/>
</testsuite> <!-- seleniumprog.TestCase1 -->
