<?xml version="1.0" encoding="UTF-8"?>
<!-- Generated by org.testng.reporters.JUnitReportReporter -->
<testsuite hostname="DESKTOP-M9M5V5Q" failures="0" tests="3" name="selenium_TNG.Order_Exec" time="0.035" errors="0" timestamp="2024-06-22T19:52:09 IST" skipped="0">
  <testcase classname="selenium_TNG.Order_Exec" name="testcase1" time="0.021"/>
  <system-out/>
  <testcase classname="selenium_TNG.Order_Exec" name="testcase3" time="0.009"/>
  <system-out/>
  <testcase classname="selenium_TNG.Order_Exec" name="testcase2" time="0.005"/>
  <system-out/>
</testsuite> <!-- selenium_TNG.Order_Exec -->
