<?xml version="1.0" encoding="UTF-8"?>
<!-- Generated by org.testng.reporters.JUnitReportReporter -->
<testsuite hostname="DESKTOP-M9M5V5Q" failures="0" tests="1" name="selenium_TNG.Prog4" time="0.003" errors="0" timestamp="2024-06-21T17:47:09 IST" skipped="0">
  <testcase classname="selenium_TNG.Prog4" name="addtocart" time="0.003"/>
  <system-out/>
</testsuite> <!-- selenium_TNG.Prog4 -->
